<?xml version="1.0" encoding="UTF-8"?>
<!-- Generated by org.testng.reporters.JUnitReportReporter -->
<testsuite hostname="admin-PC" failures="0" tests="1" name="Testcases.MydropdownPractice" time="26.126" errors="0" timestamp="2022-05-17T17:50:33 IST" skipped="0">
  <testcase classname="Testcases.MydropdownPractice" name="CheckboxPractice" time="26.126"/>
  <system-out/>
</testsuite> <!-- Testcases.MydropdownPractice -->
