<?xml version="1.0" encoding="UTF-8"?>
<!-- Generated by org.testng.reporters.JUnitReportReporter -->
<testsuite hostname="admin-PC" failures="0" tests="1" name="Testcases.MyDropdownList" time="6.561" errors="0" timestamp="2022-05-17T18:12:56 IST" skipped="0">
  <testcase classname="Testcases.MyDropdownList" name="DropDownSelect" time="6.561"/>
  <system-out/>
</testsuite> <!-- Testcases.MyDropdownList -->
